<?xml version="1.0" encoding="UTF-8"?>
<testng-results skipped="0" failed="0" total="1" passed="1">
  <reporter-output>
  </reporter-output>
  <suite name="Default suite" duration-ms="49336" started-at="2018-03-02T16:11:24Z" finished-at="2018-03-02T16:12:13Z">
    <groups>
    </groups>
    <test name="Default test" duration-ms="49336" started-at="2018-03-02T16:11:24Z" finished-at="2018-03-02T16:12:13Z">
      <class name="test_cases.AccountServicesApplication">
        <test-method status="PASS" signature="beforeMethod()" name="beforeMethod" is-config="true" duration-ms="3048" started-at="2018-03-02T16:11:24Z" finished-at="2018-03-02T16:11:27Z">
        </test-method>
        <test-method status="PASS" signature="account_services_application_test(java.lang.String, java.lang.String, java.lang.String, java.lang.String, java.lang.String, java.lang.String, java.lang.String, java.lang.String, java.lang.String, java.lang.String, java.lang.String, java.lang.String, java.lang.String, java.lang.String, java.lang.String, java.lang.String, java.lang.String)" name="account_services_application_test" duration-ms="44067" started-at="2018-03-02T16:11:27Z" finished-at="2018-03-02T16:12:11Z">
          <params>
            <param index="0">
              <value>
                <![CDATA[ssahu@dcu.org]]>
              </value>
            </param>
            <param index="1">
              <value>
                <![CDATA[Winter2018]]>
              </value>
            </param>
            <param index="2">
              <value>
                <![CDATA[Scripted First Name]]>
              </value>
            </param>
            <param index="3">
              <value>
                <![CDATA[Scripted Last Name]]>
              </value>
            </param>
            <param index="4">
              <value>
                <![CDATA[914 main st]]>
              </value>
            </param>
            <param index="5">
              <value>
                <![CDATA[01610]]>
              </value>
            </param>
            <param index="6">
              <value>
                <![CDATA[8/15/1947]]>
              </value>
            </param>
            <param index="7">
              <value>
                <![CDATA[Male]]>
              </value>
            </param>
            <param index="8">
              <value>
                <![CDATA[Automation Engineer]]>
              </value>
            </param>
            <param index="9">
              <value>
                <![CDATA[3456345]]>
              </value>
            </param>
            <param index="10">
              <value>
                <![CDATA[AL-Alabama]]>
              </value>
            </param>
            <param index="11">
              <value>
                <![CDATA[8/8/2017]]>
              </value>
            </param>
            <param index="12">
              <value>
                <![CDATA[10/10/2020]]>
              </value>
            </param>
            <param index="13">
              <value>
                <![CDATA[sample value]]>
              </value>
            </param>
            <param index="14">
              <value>
                <![CDATA[7745789876]]>
              </value>
            </param>
            <param index="15">
              <value>
                <![CDATA[Andover]]>
              </value>
            </param>
            <param index="16">
              <value>
                <![CDATA[10]]>
              </value>
            </param>
          </params>
        </test-method>
        <test-method status="PASS" signature="afterMethod()" name="afterMethod" is-config="true" duration-ms="1643" started-at="2018-03-02T16:12:11Z" finished-at="2018-03-02T16:12:13Z">
        </test-method>
      </class>
    </test>
  </suite>
</testng-results>
